0 info it worked if it ends with ok
1 verbose cli [ '/Users/haggis/.nvm/versions/node/v7.2.0/bin/node',
1 verbose cli   '/Users/haggis/.nvm/versions/node/v7.2.0/bin/npm',
1 verbose cli   'run',
1 verbose cli   'lint' ]
2 info using npm@4.0.5
3 info using node@v7.2.0
4 verbose run-script [ 'prelint', 'lint', 'postlint' ]
5 info lifecycle rollup-plugin-commonjs@7.0.1~prelint: rollup-plugin-commonjs@7.0.1
6 silly lifecycle rollup-plugin-commonjs@7.0.1~prelint: no script for prelint, continuing
7 info lifecycle rollup-plugin-commonjs@7.0.1~lint: rollup-plugin-commonjs@7.0.1
8 verbose lifecycle rollup-plugin-commonjs@7.0.1~lint: unsafe-perm in lifecycle true
9 verbose lifecycle rollup-plugin-commonjs@7.0.1~lint: PATH: /Users/haggis/.nvm/versions/node/v7.2.0/lib/node_modules/npm/bin/node-gyp-bin:/www/ROLLUP/plugins/rollup-plugin-commonjs/node_modules/.bin:/Users/haggis/.yarn/bin:/Users/haggis/torch/install/bin:/Users/haggis/.nvm/versions/node/v7.2.0/bin:./node_modules/.bin:/usr/local/bin:/usr/bin:/bin:/usr/sbin:/sbin:/usr/local/git/bin:/Library/Frameworks/GDAL.framework/Programs
10 verbose lifecycle rollup-plugin-commonjs@7.0.1~lint: CWD: /www/ROLLUP/plugins/rollup-plugin-commonjs
11 silly lifecycle rollup-plugin-commonjs@7.0.1~lint: Args: [ '-c', 'eslint src' ]
12 silly lifecycle rollup-plugin-commonjs@7.0.1~lint: Returned: code: 1  signal: null
13 info lifecycle rollup-plugin-commonjs@7.0.1~lint: Failed to exec lint script
14 verbose stack Error: rollup-plugin-commonjs@7.0.1 lint: `eslint src`
14 verbose stack Exit status 1
14 verbose stack     at EventEmitter.<anonymous> (/Users/haggis/.nvm/versions/node/v7.2.0/lib/node_modules/npm/lib/utils/lifecycle.js:279:16)
14 verbose stack     at emitTwo (events.js:106:13)
14 verbose stack     at EventEmitter.emit (events.js:191:7)
14 verbose stack     at ChildProcess.<anonymous> (/Users/haggis/.nvm/versions/node/v7.2.0/lib/node_modules/npm/lib/utils/spawn.js:40:14)
14 verbose stack     at emitTwo (events.js:106:13)
14 verbose stack     at ChildProcess.emit (events.js:191:7)
14 verbose stack     at maybeClose (internal/child_process.js:885:16)
14 verbose stack     at Process.ChildProcess._handle.onexit (internal/child_process.js:226:5)
15 verbose pkgid rollup-plugin-commonjs@7.0.1
16 verbose cwd /www/ROLLUP/plugins/rollup-plugin-commonjs
17 error Darwin 15.6.0
18 error argv "/Users/haggis/.nvm/versions/node/v7.2.0/bin/node" "/Users/haggis/.nvm/versions/node/v7.2.0/bin/npm" "run" "lint"
19 error node v7.2.0
20 error npm  v4.0.5
21 error code ELIFECYCLE
22 error rollup-plugin-commonjs@7.0.1 lint: `eslint src`
22 error Exit status 1
23 error Failed at the rollup-plugin-commonjs@7.0.1 lint script 'eslint src'.
23 error Make sure you have the latest version of node.js and npm installed.
23 error If you do, this is most likely a problem with the rollup-plugin-commonjs package,
23 error not with npm itself.
23 error Tell the author that this fails on your system:
23 error     eslint src
23 error You can get information on how to open an issue for this project with:
23 error     npm bugs rollup-plugin-commonjs
23 error Or if that isn't available, you can get their info via:
23 error     npm owner ls rollup-plugin-commonjs
23 error There is likely additional logging output above.
24 verbose exit [ 1, true ]
